INFO-FLOW: Workspace /home/luis/TEC/DEAN/Proyectos-DAN/Proyecto4/StateMachine/solution1 opened at Wed Aug 15 21:49:23 CST 2018
Execute     config_clock -quiet -name default -period 10 -default=false 
INFO: [SYN 201-201] Setting up clock 'default' with a period of 10ns.
Execute     open_platform DefaultPlatform 
Execute     import_lib /opt/Xilinx/Vivado/2018.2/common/technology/xilinx/zynq/zynq 
Execute       source /opt/Xilinx/Vivado/2018.2/common/technology/xilinx/common/xilinx.lib 
Execute         source /opt/Xilinx/Vivado/2018.2/common/technology/xilinx/interface/xilinx_interface.lib 
Execute           source /opt/Xilinx/Vivado/2018.2/common/technology/xilinx/interface/plb46.lib 
Execute           source /opt/Xilinx/Vivado/2018.2/common/technology/xilinx/interface/fsl.lib 
Execute           source /opt/Xilinx/Vivado/2018.2/common/technology/xilinx/interface/axi4.lib 
Execute           source /opt/Xilinx/Vivado/2018.2/common/technology/xilinx/interface/maxi.lib 
Execute           source /opt/Xilinx/Vivado/2018.2/common/technology/xilinx/interface/saxilite.lib 
Execute         source /opt/Xilinx/Vivado/2018.2/common/technology/xilinx/common/dsp48.lib 
Execute         source /opt/Xilinx/Vivado/2018.2/common/technology/xilinx/ip/xfir.lib 
Execute         source /opt/Xilinx/Vivado/2018.2/common/technology/xilinx/ip/xfft.lib 
Execute         source /opt/Xilinx/Vivado/2018.2/common/technology/xilinx/ip/dds_compiler.lib 
Execute       source /opt/Xilinx/Vivado/2018.2/common/technology/xilinx/common/xilinx_old.lib 
Execute       source /opt/Xilinx/Vivado/2018.2/common/technology/xilinx/common/xilinx_vivado.lib 
Execute       source /opt/Xilinx/Vivado/2018.2/common/technology/xilinx/common/xilinx.hlp 
Execute         source /opt/Xilinx/Vivado/2018.2/common/technology/xilinx/common/target_info.tcl 
Execute         source /opt/Xilinx/Vivado/2018.2/common/technology/xilinx/interface/xilinx_interface.hlp 
Execute           source /opt/Xilinx/Vivado/2018.2/common/technology/xilinx/interface/maxi.hlp 
Execute           source /opt/Xilinx/Vivado/2018.2/common/technology/xilinx/interface/saxilite.hlp 
Execute         source /opt/Xilinx/Vivado/2018.2/common/technology/xilinx/common/dsp48.hlp 
Execute       source /opt/Xilinx/Vivado/2018.2/common/technology/xilinx/zynq/dsp48e1.hlp 
Execute       get_default_platform 
Execute       config_chip_info -quiet -resource  {SLICE 13300}  {LUT 53200}     {FF 106400} {DSP48E 220}   {BRAM 280}  
Execute       config_chip_info -quiet -speed medium 
Execute       source /opt/Xilinx/Vivado/2018.2/common/technology/xilinx/common/xilinx.hlp 
Execute         source /opt/Xilinx/Vivado/2018.2/common/technology/xilinx/common/target_info.tcl 
Execute         source /opt/Xilinx/Vivado/2018.2/common/technology/xilinx/interface/xilinx_interface.hlp 
Execute           source /opt/Xilinx/Vivado/2018.2/common/technology/xilinx/interface/maxi.hlp 
Execute           source /opt/Xilinx/Vivado/2018.2/common/technology/xilinx/interface/saxilite.hlp 
Execute         source /opt/Xilinx/Vivado/2018.2/common/technology/xilinx/common/dsp48.hlp 
Execute     source /opt/Xilinx/Vivado/2018.2/common/technology/xilinx/zynq/zynq.gen 
Execute       source /opt/Xilinx/Vivado/2018.2/common/technology/xilinx/common/virtex.gen 
Execute         source /opt/Xilinx/Vivado/2018.2/common/technology/xilinx/common/xilinx.gen 
Execute           source /opt/Xilinx/Vivado/2018.2/common/technology/xilinx/interface/plb46.gen 
Execute           source /opt/Xilinx/Vivado/2018.2/common/technology/xilinx/interface/fsl.gen 
Execute           source /opt/Xilinx/Vivado/2018.2/common/technology/xilinx/interface/axi4.gen 
Execute           source /opt/Xilinx/Vivado/2018.2/common/technology/xilinx/interface/nativeAXI4.gen 
Execute             source /opt/Xilinx/Vivado/2018.2/common/technology/xilinx/interface/saxilite.gen 
Execute             source /opt/Xilinx/Vivado/2018.2/common/technology/xilinx/interface/maxi.gen 
Execute           source /opt/Xilinx/Vivado/2018.2/common/technology/xilinx/scripts/xilinxcoregen.gen 
Execute           source /opt/Xilinx/Vivado/2018.2/common/technology/xilinx/interface/XilEDKCoreGen.gen 
Execute           source /opt/Xilinx/Vivado/2018.2/common/technology/xilinx/ip/dds_compiler.gen 
Execute           source /opt/Xilinx/Vivado/2018.2/common/technology/xilinx/ip/util.gen 
Execute           source /opt/Xilinx/Vivado/2018.2/common/technology/xilinx/ip/xfft.gen 
Command           ap_source done; 0.16 sec.
Execute           source /opt/Xilinx/Vivado/2018.2/common/technology/xilinx/ip/xfir.gen 
Command         ap_source done; 0.28 sec.
Execute         source /opt/Xilinx/Vivado/2018.2/common/technology/xilinx/common/dsp48.gen 
Command       ap_source done; 0.29 sec.
Command     ap_source done; 0.29 sec.
Execute     open_platform DefaultPlatform 
Execute     import_lib /opt/Xilinx/Vivado/2018.2/common/technology/xilinx/zynq/zynq_fpv6 
Execute       source /opt/Xilinx/Vivado/2018.2/common/technology/xilinx/common/xilinx_fpv7.lib 
Execute         source /opt/Xilinx/Vivado/2018.2/common/technology/xilinx/common/xilinx_hp.lib 
Execute       source /opt/Xilinx/Vivado/2018.2/common/technology/xilinx/common/xilinx_fpv.hlp 
Execute         source /opt/Xilinx/Vivado/2018.2/common/technology/xilinx/common/xilinx.hlp 
Execute           source /opt/Xilinx/Vivado/2018.2/common/technology/xilinx/common/target_info.tcl 
Execute           source /opt/Xilinx/Vivado/2018.2/common/technology/xilinx/interface/xilinx_interface.hlp 
Execute             source /opt/Xilinx/Vivado/2018.2/common/technology/xilinx/interface/maxi.hlp 
Execute             source /opt/Xilinx/Vivado/2018.2/common/technology/xilinx/interface/saxilite.hlp 
Execute           source /opt/Xilinx/Vivado/2018.2/common/technology/xilinx/common/dsp48.hlp 
Execute       source /opt/Xilinx/Vivado/2018.2/common/technology/xilinx/zynq/zynq_hp.hlp 
Execute     source /opt/Xilinx/Vivado/2018.2/common/technology/xilinx/zynq/zynq_fpv6.gen 
Execute       source /opt/Xilinx/Vivado/2018.2/common/technology/xilinx/common/xilinx_fpv6.gen 
Execute     set_part xc7z010clg400-1 
Execute       add_library xilinx/zynq/zynq:xc7z010:clg400:-1 
Execute         get_default_platform 
Execute         license_isbetapart xc7z010 
Command         license_isbetapart done; error code: 1; 
Execute         get_default_platform 
Execute         config_chip_info -quiet -resource  {SLICE 4400}   {LUT 17600}     {FF 35200}  {DSP48E 80}    {BRAM 120}  
Execute         config_chip_info -quiet -speed slow 
Execute       add_library xilinx/zynq/zynq_fpv6 
Execute         get_default_platform 
INFO: [HLS 200-10] Setting target device to 'xc7z010clg400-1'
Execute       get_default_platform 
Command     set_part done; 0.12 sec.
Execute     get_default_platform 
Execute     config_chip_info -quiet -resource  {SLICE 4400}   {LUT 17600}     {FF 35200}  {DSP48E 80}    {BRAM 120}  
Execute     config_chip_info -quiet -speed slow 
Command   open_solution done; 0.6 sec.
Execute   set_part xc7z010clg400-1 -tool vivado 
Execute     add_library xilinx/zynq/zynq:xc7z010:clg400:-1 
Execute       get_default_platform 
Execute       license_isbetapart xc7z010 
Command       license_isbetapart done; error code: 1; 
Execute       get_default_platform 
Execute       config_chip_info -quiet -resource  {SLICE 4400}   {LUT 17600}     {FF 35200}  {DSP48E 80}    {BRAM 120}  
Execute       config_chip_info -quiet -speed slow 
Execute     add_library xilinx/zynq/zynq_fpv6 
Execute       get_default_platform 
Execute     get_default_platform 
Command   set_part done; 0.16 sec.
Execute   create_clock -period 10 -name default 
Execute   csynth_design 
Execute     get_config_compile -effort 
Execute     get_config_compile -enable_clang39 
Execute     get_config_compile -g 
Execute     get_config_compile -lm 
Execute     get_config_compile -ng 
Execute     get_config_compile -opt_fp 
Execute     get_config_compile -skip_cdt 
Execute     get_config_compile -skip_syncheck 
Execute     get_config_compile -skip_transform 
Execute     get_config_compile -keep_printf 
Execute     elaborate -effort=medium -skip_syncheck=0 -keep_printf=0 -lm=0 -skip_cdt=0 -skip_transform=0 -ng=0 -g=0 -opt_fp=0 -from_csynth_design=1 
Execute       get_config_schedule -relax_ii_for_timing 
Execute       get_config_schedule -suppress_dependence_error_break 
INFO: [HLS 200-10] Analyzing design file '../Proyecto1/StateMachine/StateMachine.cpp' ... 
INFO-FLOW: Compiling one TU...
Execute       is_m_axi_addr64 
INFO-FLOW: Handling ../Proyecto1/StateMachine/StateMachine.cpp as C++
Execute       get_default_platform 
Execute       is_encrypted ../Proyecto1/StateMachine/StateMachine.cpp 
Execute       get_default_platform 
INFO-FLOW: Source preprocessing
Execute       clang  -fno-limit-debug-info -gcc-toolchain "/opt/Xilinx/Vivado/2018.2/lnx64/tools/gcc" -hls  -fno-exceptions  -D__llvm__  -E "../Proyecto1/StateMachine/StateMachine.cpp"     -fno-math-errno -c -emit-llvm -O0  -mllvm -disable-llvm-optzns -fno-threadsafe-statics  -fno-use-cxa-atexit  -fno-threadsafe-statics -fno-use-cxa-atexit -D__CLANG_3_1__ -DAESL_SYN -D__SYNTHESIS__ -D__HLS_SYN__ -I "/opt/Xilinx/Vivado/2018.2/common/technology/autopilot" -I "/opt/Xilinx/Vivado/2018.2/common/technology/autopilot/ap_sysc" -include etc/autopilot_ssdm_op.h -D__DSP48E1__  -o "/home/luis/TEC/DEAN/Proyectos-DAN/Proyecto4/StateMachine/solution1/.autopilot/db/StateMachine.pp.0.cpp" 
INFO-FLOW: exec /opt/Xilinx/Vivado/2018.2/lnx64/tools/clang/bin/clang -fno-limit-debug-info -gcc-toolchain /opt/Xilinx/Vivado/2018.2/lnx64/tools/gcc -hls -fno-exceptions -D__llvm__ -E ../Proyecto1/StateMachine/StateMachine.cpp -fno-math-errno -c -emit-llvm -O0 -mllvm -disable-llvm-optzns -fno-threadsafe-statics -fno-use-cxa-atexit -fno-threadsafe-statics -fno-use-cxa-atexit -D__CLANG_3_1__ -DAESL_SYN -D__SYNTHESIS__ -D__HLS_SYN__ -I /opt/Xilinx/Vivado/2018.2/common/technology/autopilot -I /opt/Xilinx/Vivado/2018.2/common/technology/autopilot/ap_sysc -include etc/autopilot_ssdm_op.h -D__DSP48E1__ -o /home/luis/TEC/DEAN/Proyectos-DAN/Proyecto4/StateMachine/solution1/.autopilot/db/StateMachine.pp.0.cpp
Command       clang done; 2.33 sec.
INFO-FLOW: Syntax Checking before pre-processing...
Execute       clang  -fno-limit-debug-info -gcc-toolchain "/opt/Xilinx/Vivado/2018.2/lnx64/tools/gcc" -hls    -fno-math-errno -c -emit-llvm -O0  -mllvm -disable-llvm-optzns -fno-threadsafe-statics  -fno-use-cxa-atexit  -fno-threadsafe-statics -fno-use-cxa-atexit -D__CLANG_3_1__ -DAESL_SYN -D__SYNTHESIS__ -D__HLS_SYN__ -I "/opt/Xilinx/Vivado/2018.2/common/technology/autopilot" -I "/opt/Xilinx/Vivado/2018.2/common/technology/autopilot/ap_sysc" -include etc/autopilot_ssdm_op.h -D__DSP48E1__  "/home/luis/TEC/DEAN/Proyectos-DAN/Proyecto4/StateMachine/solution1/.autopilot/db/StateMachine.pp.0.cpp"  -o "/home/luis/TEC/DEAN/Proyectos-DAN/Proyecto4/StateMachine/solution1/.autopilot/db/useless.bc"  
INFO-FLOW: exec /opt/Xilinx/Vivado/2018.2/lnx64/tools/clang/bin/clang -fno-limit-debug-info -gcc-toolchain /opt/Xilinx/Vivado/2018.2/lnx64/tools/gcc -hls -fno-math-errno -c -emit-llvm -O0 -mllvm -disable-llvm-optzns -fno-threadsafe-statics -fno-use-cxa-atexit -fno-threadsafe-statics -fno-use-cxa-atexit -D__CLANG_3_1__ -DAESL_SYN -D__SYNTHESIS__ -D__HLS_SYN__ -I /opt/Xilinx/Vivado/2018.2/common/technology/autopilot -I /opt/Xilinx/Vivado/2018.2/common/technology/autopilot/ap_sysc -include etc/autopilot_ssdm_op.h -D__DSP48E1__ /home/luis/TEC/DEAN/Proyectos-DAN/Proyecto4/StateMachine/solution1/.autopilot/db/StateMachine.pp.0.cpp -o /home/luis/TEC/DEAN/Proyectos-DAN/Proyecto4/StateMachine/solution1/.autopilot/db/useless.bc
Command       clang done; 3.36 sec.
INFO-FLOW: GCC PP time: 5 seconds per iteration
Execute       list_core -type functional_unit 
Execute       tidy_31 xilinx-systemc-detector /home/luis/TEC/DEAN/Proyectos-DAN/Proyecto4/StateMachine/solution1/.autopilot/db/StateMachine.pp.0.cpp std=gnu++98 -directive=/home/luis/TEC/DEAN/Proyectos-DAN/Proyecto4/StateMachine/solution1/.autopilot/db/.systemc_flag 
INFO-FLOW: exec /opt/Xilinx/Vivado/2018.2/lnx64/tools/clang-3.9-csynth/bin/tidy-3.1 -header-filter=.* --checks=-*,xilinx-systemc-detector -import-directive=/home/luis/TEC/DEAN/Proyectos-DAN/Proyecto4/StateMachine/solution1/.autopilot/db/.systemc_flag -quiet -fix-errors /home/luis/TEC/DEAN/Proyectos-DAN/Proyecto4/StateMachine/solution1/.autopilot/db/StateMachine.pp.0.cpp -- -std=gnu++98 -fhls -ferror-limit=0
Command       tidy_31 done; 2.13 sec.
INFO-FLOW: CDT Preprocessing without tidy-3.1...
INFO-FLOW: Marker-Pragma convertor: /home/luis/TEC/DEAN/Proyectos-DAN/Proyecto4/StateMachine/solution1/.autopilot/db/StateMachine.pp.0.cpp /home/luis/TEC/DEAN/Proyectos-DAN/Proyecto4/StateMachine/solution1/.autopilot/db/StateMachine.pp.0.cpp.ap-line.cpp /home/luis/TEC/DEAN/Proyectos-DAN/Proyecto4/StateMachine/solution1/.autopilot/db/StateMachine.pp.0.cpp.ap-line.cpp.CXX 1
INFO-FLOW: Converting Markers to Pragmas...
Execute       cdt  "/home/luis/TEC/DEAN/Proyectos-DAN/Proyecto4/StateMachine/solution1/.autopilot/db/StateMachine.pp.0.cpp.ap-line.cpp"  -m "StateMachine" -o "/home/luis/TEC/DEAN/Proyectos-DAN/Proyecto4/StateMachine/solution1/.autopilot/db/StateMachine.pp.0.cpp.ap-cdt.cpp" --pp --directive /home/luis/TEC/DEAN/Proyectos-DAN/Proyecto4/StateMachine/solution1/solution1.directive --source /home/luis/TEC/DEAN/Proyectos-DAN/Proyecto4/../Proyecto1/StateMachine/StateMachine.cpp --error /home/luis/TEC/DEAN/Proyectos-DAN/Proyecto4/StateMachine/solution1/.autopilot/db --funcunit "AddSub AddSub_DSP AddSubnS DAddSub_fulldsp DAddSub_nodsp DDiv DExp_fulldsp DExp_meddsp DExp_nodsp DLog_fulldsp DLog_meddsp DLog_nodsp DMul_fulldsp DMul_maxdsp DMul_meddsp DMul_nodsp DRSqrt DRecip DSP_Macro DSqrt DivnS FAddSub_fulldsp FAddSub_nodsp FDiv FExp_fulldsp FExp_meddsp FExp_nodsp FLog_fulldsp FLog_meddsp FLog_nodsp FMul_fulldsp FMul_maxdsp FMul_meddsp FMul_nodsp FRSqrt_fulldsp FRSqrt_nodsp FRecip_fulldsp FRecip_nodsp FSqrt HAddSub_fulldsp HAddSub_meddsp HAddSub_nodsp HDiv HMul_fulldsp HMul_maxdsp HMul_nodsp HSqrt Mul Mul2S Mul3S Mul4S Mul5S Mul6S Mul_LUT MulnS MuxnS" --ve --vetcl /home/luis/TEC/DEAN/Proyectos-DAN/Proyecto4/StateMachine/solution1/.autopilot/db --ca --es --gf --pd --p2d /home/luis/TEC/DEAN/Proyectos-DAN/Proyecto4/StateMachine/solution1/.autopilot/db --sd --scff /home/luis/TEC/DEAN/Proyectos-DAN/Proyecto4/StateMachine/solution1/.autopilot/db/.systemc_flag --ad 
INFO-FLOW: Error:Syntax error in source:for (__decltype(__n + 0) __niter = __n;
Error:Missing ; in source:t
Error:Syntax error in source:)
 *__first = __value;
Error:Syntax error in source:for (__decltype(__n + 0) __niter = __n;
Error:Missing ; in source:t
Error:Syntax error in source:)
 *__first = __tmp;
Command       cdt done; 27.06 sec.
INFO-FLOW: Marker-Pragma convertor: /home/luis/TEC/DEAN/Proyectos-DAN/Proyecto4/StateMachine/solution1/.autopilot/db/StateMachine.pp.0.cpp.ap-cdt.cpp /home/luis/TEC/DEAN/Proyectos-DAN/Proyecto4/StateMachine/solution1/.autopilot/db/StateMachine.pragma.0.cpp /home/luis/TEC/DEAN/Proyectos-DAN/Proyecto4/StateMachine/solution1/.autopilot/db/StateMachine.pragma.0.cpp.ap-line.CXX 0
INFO-FLOW: Converting Pragmas to Markers...
Execute       source /home/luis/TEC/DEAN/Proyectos-DAN/Proyecto4/StateMachine/solution1/.autopilot/db/pragma.status.tcl 
INFO-FLOW: Pragma Handling...
INFO-FLOW: SystemC Checker
Execute       ap_eval exec /opt/Xilinx/Vivado/2018.2/lnx64/tools/clang/bin/clang++ -gcc-toolchain /opt/Xilinx/Vivado/2018.2/lnx64/tools/gcc -hls -DAP_PRE  -I "/opt/Xilinx/Vivado/2018.2/lnx64/tools/systemc/include" -I "/opt/Xilinx/Vivado/2018.2/include" -I "/opt/Xilinx/Vivado/2018.2/include/ap_sysc" -S "../Proyecto1/StateMachine/StateMachine.cpp" -o /home/luis/TEC/DEAN/Proyectos-DAN/Proyecto4/StateMachine/solution1/.autopilot/db/StateMachine.pp.00.o 
Command       ap_eval done; 3.32 sec.
INFO-FLOW: Marker-Pragma convertor: /home/luis/TEC/DEAN/Proyectos-DAN/Proyecto4/StateMachine/solution1/.autopilot/db/StateMachine.pragma.1.cpp /home/luis/TEC/DEAN/Proyectos-DAN/Proyecto4/StateMachine/solution1/.autopilot/db/StateMachine.scpp.0.cpp /home/luis/TEC/DEAN/Proyectos-DAN/Proyecto4/StateMachine/solution1/.autopilot/db/StateMachine.scpp.0.cpp.line_pre.CXX 1
INFO-FLOW: Converting Markers to Pragmas...
INFO-FLOW: SystemC preprocessor
Execute       ap_eval exec /opt/Xilinx/Vivado/2018.2/tps/lnx64/jre/bin/java -Xmx512m -classpath "/opt/Xilinx/Vivado/2018.2/lib/classes/org.eclipse.cdt.core_5.0.0.200806171202.jar:/opt/Xilinx/Vivado/2018.2/lib/classes/jargs.jar:/opt/Xilinx/Vivado/2018.2/lib/classes/org.eclipse.core.runtime_3.4.0.v20080512.jar:/opt/Xilinx/Vivado/2018.2/lib/classes/org.eclipse.equinox.common_3.4.0.v20080421-2006.jar:/opt/Xilinx/Vivado/2018.2/lib/classes/autopilot.scelaborator.jar"  autopilot.scelaborator.ScParser  -S "/opt/Xilinx/Vivado/2018.2/common/technology/autopilot/ap_sysc" --force-inline  -o "/home/luis/TEC/DEAN/Proyectos-DAN/Proyecto4/StateMachine/solution1/.autopilot/db/" "/home/luis/TEC/DEAN/Proyectos-DAN/Proyecto4/StateMachine/solution1/.autopilot/db/StateMachine.scpp.0.cpp" --mi-suffix=0 -d -t 
Command       ap_eval done; error code: 1; 83.71 sec.
INFO-FLOW: Marker-Pragma convertor: /home/luis/TEC/DEAN/Proyectos-DAN/Proyecto4/StateMachine/solution1/.autopilot/db/StateMachine.scpp.0.cpp.ssdm.cpp /home/luis/TEC/DEAN/Proyectos-DAN/Proyecto4/StateMachine/solution1/.autopilot/db/StateMachine.scpp.1.cpp /home/luis/TEC/DEAN/Proyectos-DAN/Proyecto4/StateMachine/solution1/.autopilot/db/StateMachine.scpp.1.cpp.line_post.CXX 0
INFO-FLOW: Converting Pragmas to Markers...
INFO-FLOW: Source preprocessing
Execute       clang  -fno-limit-debug-info -gcc-toolchain "/opt/Xilinx/Vivado/2018.2/lnx64/tools/gcc" -hls  -fno-exceptions  -D__llvm__  -E "/home/luis/TEC/DEAN/Proyectos-DAN/Proyecto4/StateMachine/solution1/.autopilot/db/StateMachine.pragma.1.cpp"     -fno-math-errno -c -emit-llvm -O0  -mllvm -disable-llvm-optzns -fno-threadsafe-statics  -fno-use-cxa-atexit  -fno-threadsafe-statics -fno-use-cxa-atexit -D__CLANG_3_1__ -DAESL_SYN -D__SYNTHESIS__ -D__HLS_SYN__ -I "/opt/Xilinx/Vivado/2018.2/common/technology/autopilot" -I "/opt/Xilinx/Vivado/2018.2/common/technology/autopilot/ap_sysc" -include etc/autopilot_ssdm_op.h -D__DSP48E1__  -o "/home/luis/TEC/DEAN/Proyectos-DAN/Proyecto4/StateMachine/solution1/.autopilot/db/StateMachine.pragma.2.cpp" 
INFO-FLOW: exec /opt/Xilinx/Vivado/2018.2/lnx64/tools/clang/bin/clang -fno-limit-debug-info -gcc-toolchain /opt/Xilinx/Vivado/2018.2/lnx64/tools/gcc -hls -fno-exceptions -D__llvm__ -E /home/luis/TEC/DEAN/Proyectos-DAN/Proyecto4/StateMachine/solution1/.autopilot/db/StateMachine.pragma.1.cpp -fno-math-errno -c -emit-llvm -O0 -mllvm -disable-llvm-optzns -fno-threadsafe-statics -fno-use-cxa-atexit -fno-threadsafe-statics -fno-use-cxa-atexit -D__CLANG_3_1__ -DAESL_SYN -D__SYNTHESIS__ -D__HLS_SYN__ -I /opt/Xilinx/Vivado/2018.2/common/technology/autopilot -I /opt/Xilinx/Vivado/2018.2/common/technology/autopilot/ap_sysc -include etc/autopilot_ssdm_op.h -D__DSP48E1__ -o /home/luis/TEC/DEAN/Proyectos-DAN/Proyecto4/StateMachine/solution1/.autopilot/db/StateMachine.pragma.2.cpp
Command       clang done; 2.29 sec.
Execute       get_default_platform 
INFO-FLOW: Processing labels
Execute       clang -src /home/luis/TEC/DEAN/Proyectos-DAN/Proyecto4/StateMachine/solution1/.autopilot/db/StateMachine.pragma.2.cpp  -fno-limit-debug-info -gcc-toolchain /opt/Xilinx/Vivado/2018.2/lnx64/tools/gcc -hls -hls-analyze-label -hls-analyze-pragma -fno-exceptions  -D__llvm__  -w  "/home/luis/TEC/DEAN/Proyectos-DAN/Proyecto4/StateMachine/solution1/.autopilot/db/StateMachine.pragma.2.cpp"    -fno-math-errno -c -emit-llvm -O0  -mllvm -disable-llvm-optzns -fno-threadsafe-statics  -fno-use-cxa-atexit -DAESL_SYN -D__SYNTHESIS__ -D__HLS_SYN__ -I "/opt/Xilinx/Vivado/2018.2/common/technology/autopilot" -I "/opt/Xilinx/Vivado/2018.2/common/technology/autopilot/ap_sysc" -include etc/autopilot_ssdm_op.h -D__DSP48E1__ -g -o "/home/luis/TEC/DEAN/Proyectos-DAN/Proyecto4/StateMachine/solution1/.autopilot/db/StateMachine.bc" 
INFO-FLOW: exec /opt/Xilinx/Vivado/2018.2/lnx64/tools/clang/bin/clang -fno-limit-debug-info -gcc-toolchain /opt/Xilinx/Vivado/2018.2/lnx64/tools/gcc -hls -hls-analyze-label -hls-analyze-pragma -fno-exceptions -D__llvm__ -w /home/luis/TEC/DEAN/Proyectos-DAN/Proyecto4/StateMachine/solution1/.autopilot/db/StateMachine.pragma.2.cpp -fno-math-errno -c -emit-llvm -O0 -mllvm -disable-llvm-optzns -fno-threadsafe-statics -fno-use-cxa-atexit -DAESL_SYN -D__SYNTHESIS__ -D__HLS_SYN__ -I /opt/Xilinx/Vivado/2018.2/common/technology/autopilot -I /opt/Xilinx/Vivado/2018.2/common/technology/autopilot/ap_sysc -include etc/autopilot_ssdm_op.h -D__DSP48E1__ -g -o /home/luis/TEC/DEAN/Proyectos-DAN/Proyecto4/StateMachine/solution1/.autopilot/db/StateMachine.bc
Command       clang done; 3.45 sec.
INFO-FLOW: Linking Debug ...
Execute       llvm-ld /home/luis/TEC/DEAN/Proyectos-DAN/Proyecto4/StateMachine/solution1/.autopilot/db/StateMachine.g.bc -disable-opt -L/opt/Xilinx/Vivado/2018.2/lnx64/lib -lhlsm -lhlsmc++ -o /home/luis/TEC/DEAN/Proyectos-DAN/Proyecto4/StateMachine/solution1/.autopilot/db/a.g 
Command       llvm-ld done; 1.12 sec.
INFO: [HLS 200-111] Finished Linking Time (s): cpu = 00:01:35 ; elapsed = 00:02:14 . Memory (MB): peak = 372.688 ; gain = 0.086 ; free physical = 5305 ; free virtual = 14564
Execute       source /home/luis/TEC/DEAN/Proyectos-DAN/Proyecto4/StateMachine/solution1/.autopilot/db/ve_warning.tcl 
INFO: [HLS 200-10] Validating synthesis directives ...
Execute       source /home/luis/TEC/DEAN/Proyectos-DAN/Proyecto4/StateMachine/solution1/.autopilot/db/pragma.status.tcl 
INFO: [HLS 200-111] Finished Checking Pragmas Time (s): cpu = 00:01:35 ; elapsed = 00:02:14 . Memory (MB): peak = 372.688 ; gain = 0.086 ; free physical = 5305 ; free virtual = 14564
Execute       ::config_rtl 
Execute       opt_and_import_c a -opt_level=2 -skip_syncheck=0 -ng=0 -keep_printf=0 
Execute         cleanup_all_models 
INFO: [HLS 200-10] Starting code transformations ...
Execute         transform -promote-dbg-pointer /home/luis/TEC/DEAN/Proyectos-DAN/Proyecto4/StateMachine/solution1/.autopilot/db/a.pp.bc -o /home/luis/TEC/DEAN/Proyectos-DAN/Proyecto4/StateMachine/solution1/.autopilot/db/a.pp.0.bc -f 
Execute         llvm-ld /home/luis/TEC/DEAN/Proyectos-DAN/Proyecto4/StateMachine/solution1/.autopilot/db/a.pp.0.bc -disable-opt -L/opt/Xilinx/Vivado/2018.2/lnx64/lib -lfloatconversion -o /home/luis/TEC/DEAN/Proyectos-DAN/Proyecto4/StateMachine/solution1/.autopilot/db/a.g.0 
Command         llvm-ld done; 1.2 sec.
INFO-FLOW: Running Standard Transforms...
Execute         transform -hls -share-std-xform -demangle-name -inline-byval-memcpy -always-inline -promote-dbg-pointer -interface-preproc -scalarrepl -mem2reg -keep-read-access -instcombine -dce -promote-dbg-pointer -bitop-raise -loop-simplify -indvarspre -indvars -loop-simplify -xunroll -constprop -instcombine -simplifycfg -indvars -simplifycfg -dce -globaldce -basicaa -simplifycfg -mem2reg -globalopt -global-constprop -deadargelim -instcombine -simplifycfg -prune-eh -simplifycfg -scalarrepl -instcombine -reassociate -licm -simplifycfg -loop-simplify -indvars -instcombine -simplifycfg -mem2reg -loop-simplify -indvars -instcombine -gvn -gvn -instcombine -adce -break-crit-edges -simplifycfg -loop-delete -global-array-opt -dce -dse -adce -find-syn-modules -top StateMachine -deadargelim -mem2reg -instcombine -dce -presyn-prepare -auto-rom-infer -interface-preproc -syn-check -check-rec-only -find-region -simplifycfg -func-extr -function-inline -globaldce -mem2reg -instcombine -dce -gvn -globaldce -adce -adse -constprop -instcombine -bit-constprop -instcombine -dce -simplifycfg -bitop-raise -simplifycfg -dce -loop-delete -reassociate -globalopt -global-privatize -mem2reg -dce -global-constprop -pointer-simplify -constprop -dce -func-inst -deadargelim -auto-shift-reg-idiom -promote-dbg-pointer -norm-name /home/luis/TEC/DEAN/Proyectos-DAN/Proyecto4/StateMachine/solution1/.autopilot/db/a.g.0.bc -o /home/luis/TEC/DEAN/Proyectos-DAN/Proyecto4/StateMachine/solution1/.autopilot/db/a.g.1.bc -f -phase std-opt 
INFO: [HLS 200-111] Finished Standard Transforms Time (s): cpu = 00:01:36 ; elapsed = 00:02:15 . Memory (MB): peak = 372.852 ; gain = 0.250 ; free physical = 5298 ; free virtual = 14558
INFO: [HLS 200-10] Checking synthesizability ...
INFO-FLOW: Checking Synthesizability 1/2..
Execute         transform -hls -syn-check -check-rec-only -disaggr -scalarrepl -norm-name -dce -mem2reg -instcombine -function-uniquify -directive-preproc -mem2reg -dse -dce -auto-rom-infer -dce -array-normalize -instcombine -dce -warn-fifo-pointer -array-seg-normalize -instcombine -dce -array-flatten -instcombine -dce -array-burst -dce -deadargelim -promote-global-argument -simplifycfg -mem2reg -globaldce -resolve-double-ptr -dce -deadargelim -dce -instcombine -function-inline -globaldce -dce -doublePtrSimplify -doublePtrElim -dce -doublePtrSimplify -promote-dbg-pointer -dce -scalarrepl -dse -adse -instcombine -ptrLegalization -simplifycfg -dce -instcombine -pointer-simplify -ptrArgReplace -dce -instcombine -disaggr -scalarrepl -norm-name -dce -mem2reg -instcombine -ptrLegalization -simplifycfg -deadargelim -instcombine -dce -inst-simplify -function-uniquify -directive-preproc -mem2reg -dse -dce -globaldce /home/luis/TEC/DEAN/Proyectos-DAN/Proyecto4/StateMachine/solution1/.autopilot/db/a.g.1.bc -o /home/luis/TEC/DEAN/Proyectos-DAN/Proyecto4/StateMachine/solution1/.autopilot/db/a.g.2.prechk.bc -f 
INFO-FLOW: Checking Synthesizability 2/2..
Execute         transform -syn-check /home/luis/TEC/DEAN/Proyectos-DAN/Proyecto4/StateMachine/solution1/.autopilot/db/a.g.2.prechk.bc -o /home/luis/TEC/DEAN/Proyectos-DAN/Proyecto4/StateMachine/solution1/.autopilot/db/a.g.2.bc -f -phase syn-check 
INFO: [HLS 200-111] Finished Checking Synthesizability Time (s): cpu = 00:01:36 ; elapsed = 00:02:15 . Memory (MB): peak = 372.852 ; gain = 0.250 ; free physical = 5294 ; free virtual = 14555
INFO-FLOW: Compiler optimizing ...
INFO-FLOW: Share syncheck's 1.bc for syn flow: copy /home/luis/TEC/DEAN/Proyectos-DAN/Proyecto4/StateMachine/solution1/.autopilot/db/a.g.1.bc to /home/luis/TEC/DEAN/Proyectos-DAN/Proyecto4/StateMachine/solution1/.autopilot/db/a.o.1.bc
INFO-FLOW: Presyn 1...
Execute         transform -hls -tmp /home/luis/TEC/DEAN/Proyectos-DAN/Proyecto4/StateMachine/solution1/.autopilot/db -interface-port-rename -type-info -function-uniquify -directive-preproc -mem2reg -dse -dce -disaggr -scalarrepl -norm-name -deadargelim -mem2reg -instcombine -dce -simplifycfg -auto-rom-infer -dce -function-uniquify -resource-proc -simplifycfg -mem2reg -globaldce -resolve-double-ptr -dce -deadargelim -dce -instcombine -clib-intrinsic-prepare -dce -func-buffer -dce -array-normalize -func-legal -instcombine -gvn -constprop -dce -ptrArgReplace -mem2reg -instcombine -dce -array-seg-normalize -deadargelim -instcombine -dce -pointer-simplify -dce -port-alignment -dce -interface-preproc -data-pack -instcombine -dce -basicaa -aggr-aa -aggrmodref-aa -aggr-aa -gvn -gvn -basicaa -aggr-aa -aggrmodref-aa -aggr-aa -dse -adse -adce -loop-simplify -indvars -instcombine -gvn -loop-simplify -mem2reg -dce -find-region -instcombine -auto-loop-pipeline -inst-simplify -interface-preproc -cfgopt -instcombine -indvars -auto-loop-unroll -loop-simplify -loop-bound -xunroll -constprop -instcombine -simplifycfg -indvars -simplifycfg -dce -globaldce -clean-region -attach-range -gvn -inst-simplify -constprop -simplifycfg -dce -pointer-simplify -dce -globalopt -constprop -dce -array-promote -constprop -instcombine -dce -ptrArgReplace -mem2reg -instcombine -simplifycfg -dce -auto-par -instcombine -dce -array-transform-check -array-reshape -instcombine -simplifycfg -dce -ptrArgReplace -deadargelim -mem2reg -instcombine -simplifycfg -dce -indvars -loop-simplify -loop-bound -xunroll -constprop -instcombine -simplifycfg -indvars -simplifycfg -dce -globaldce -duplicate-dataflow-processes -globaldce -instcombine -array-partition -instcombine -simplifycfg -dce -ptrArgReplace -global-constprop -deadargelim -mem2reg -func-legal -instcombine -dce -global-constprop -deadargelim -mem2reg -instcombine -simplifycfg -dce -merge-param -deadargelim -globalopt -constprop -dce -array-promote -constprop -instcombine -dce -ptrArgReplace -mem2reg -instcombine -simplifycfg -dce -mem-intrinsic-preproc -dce -global-internalize -global-privatize -mem2reg -globaldce -promote-global-argument -ptrArgReplace -mem2reg -instcombine -dce -globalopt -mergereturn -simplify-global-access -mem2reg -dce -pointer-simplify -dce -functionattrs -basicaa -aggr-aa -aggrmodref-aa -aggr-aa -gvn -gvn -basicaa -aggr-aa -aggrmodref-aa -aggr-aa -dse -adse -adce -inst-simplify -dce -norm-name -function-inline -globaldce -func-inst -constprop -instcombine -simplifycfg -dce -func-legal -dce -loop-bound -arraycheck -bitwidthmin -on-by-dataflow -loop-delete -instcombine -simplifycfg -globaldce -dce -gvn -deadargelim -dce -loop-simplify -clean-region -simplifycfg -propagate-stable-arguments -loop-stream -instcombine -simplifycfg -dce -globaldce -duplicate-dataflow-processes -stream-intrinsic-preproc -dce -check-ap-stream -loop-simplify -eliminate-keepreads -extract-dataflow-in-loop -loop-simplify -dce -gvn -deadargelim -dse -check-dataflow-syntax -legalize-stream-variable -legalize-global -extract-subproc -dce -dead-channel-elimination -canonicalize-gep -globaldce -dce -gvn -deadargelim -annotate-dataflow-channels -scalar-propagation -deadargelim -globaldce -mem2reg -check-dataflow-channels -function-stream -dce -globaldce -prop-fifo-spec -internal-stream-gen -canonicalize-gep -globaldce -dce -gvn -deadargelim -mergereturn -indvars -loop-simplify -instcombine -array-stream -array-seg-normalize -array-partition -func-legal -instcombine -simplifycfg -dce -bundle-memfifo-ops -deadargelim -function-uniquify -directive-preproc -mem2reg -dse -dce -group-axi-access -licm -simplifycfg -dce -loop-delete -norm-name /home/luis/TEC/DEAN/Proyectos-DAN/Proyecto4/StateMachine/solution1/.autopilot/db/a.o.1.bc -o /home/luis/TEC/DEAN/Proyectos-DAN/Proyecto4/StateMachine/solution1/.autopilot/db/a.o.1.tmp.bc -f 
Command         transform done; 0.3 sec.
INFO-FLOW: Presyn 2...
Execute         transform -hls -keep-callgraph -scalarrepl -mem2reg -port-alignment -attach-range -dce -pipe-mux-gen -indvars -loop-bound -inst-simplify -instcombine -dce -merge-array-access -mem2reg -dce -clean-region -mergereturn -if-conv -instcombine -dce -constprop -basicaa -aggr-aa -aggrmodref-aa -aggr-aa -gvn -gvn -basicaa -aggr-aa -aggrmodref-aa -aggr-aa -dse -adse -adce -scalarrepl -mem2reg -global-constprop -deadargelim -deadargelim -instcombine -dce -simplifycfg -ptrArgReplace -mem2reg -function-inline -globaldce -mem2reg -instcombine -dce -expr-balance -instcombine -dce -bitwidthmin -interface-preproc -directive-preproc -inst-rectify -instcombine -dce -functionattrs -constprop -instcombine -bit-constprop -simplify-global-access -globalopt -globaldce -inst-simplify -instcombine -elimdeaddata -dce -loop-delete -simplifycfg -loop-simplify -auto-burst -norm-name /home/luis/TEC/DEAN/Proyectos-DAN/Proyecto4/StateMachine/solution1/.autopilot/db/a.o.1.tmp.bc -o /home/luis/TEC/DEAN/Proyectos-DAN/Proyecto4/StateMachine/solution1/.autopilot/db/a.o.2.bc -f -phase presyn 
Command         transform done; 0.11 sec.
INFO: [HLS 200-111] Finished Pre-synthesis Time (s): cpu = 00:01:36 ; elapsed = 00:02:16 . Memory (MB): peak = 500.602 ; gain = 128.000 ; free physical = 5271 ; free virtual = 14532
INFO-FLOW: Building ssdm...
Execute         transform -hls -function-uniquify -auto-function-inline -globaldce -ptrArgReplace -mem2reg -instcombine -dce -reset-lda -loop-simplify -indvars -licm -loop-dep -loop-bound -licm -loop-simplify -flattenloopnest -array-flatten -gvn -instcombine -dce -array-map -dce -func-legal -gvn -adce -instcombine -cfgopt -simplifycfg -loop-simplify -array-burst -promote-global-argument -dce -axi4-lower -array-seg-normalize -basicaa -aggrmodref-aa -globalsmodref-aa -aggr-aa -gvn -gvn -basicaa -aggrmodref-aa -globalsmodref-aa -aggr-aa -dse -adse -adce -licm -inst-simplify -dce -globaldce -instcombine -array-stream -eliminate-keepreads -instcombine -dce -deadargelim -doublePtrSimplify -doublePtrElim -dce -doublePtrSimplify -promote-dbg-pointer -dce -scalarrepl -mem2reg -disaggr -norm-name -mem2reg -instcombine -dse -adse -adce -ptrLegalization -dce -auto-rom-infer -array-flatten -dce -instcombine -check-doubleptr -loop-rot -constprop -cfgopt -simplifycfg -loop-simplify -indvars -pointer-simplify -dce -loop-bound -loop-simplify -loop-preproc -constprop -global-constprop -gvn -mem2reg -instcombine -dce -loop-bound -loop-merge -dce -bitwidthmin -deadargelim -dce -canonicalize-dataflow -dce -scalar-propagation -deadargelim -globaldce -mem2reg -read-loop-dep -interface-preproc -directive-preproc -interface-gen -bram-byte-enable -deadargelim -inst-simplify -dce -gvn -mem2reg -instcombine -dce -adse -loop-bound -instcombine -cfgopt -simplifycfg -loop-simplify -clean-region -io-protocol -find-region -mem2reg -bitop-raise -inst-simplify -inst-rectify -instcombine -adce -deadargelim -loop-simplify -phi-opt -bitop-raise -cfgopt -simplifycfg -strip-dead-prototypes -interface-lower -bitop-lower -intrinsic-lower -auto-function-inline -basicaa -aggrmodref-aa -globalsmodref-aa -aggr-aa -inst-simplify -simplifycfg -loop-simplify -mergereturn -inst-simplify -inst-rectify -dce -load-elim -bitop-lower -loop-rewind -pointer-simplify -dce -cfgopt -dce -bitwidth -loop-dep -read-loop-dep -dce -check-stream -norm-name -legalize -validate-dataflow -dead-allocation-elimination -cdfg-build /home/luis/TEC/DEAN/Proyectos-DAN/Proyecto4/StateMachine/solution1/.autopilot/db/a.o.2.bc -o /home/luis/TEC/DEAN/Proyectos-DAN/Proyecto4/StateMachine/solution1/.autopilot/db/a.o.3.bc -f -phase build-ssdm 
Command         transform done; 0.28 sec.
INFO: [HLS 200-111] Finished Architecture Synthesis Time (s): cpu = 00:01:37 ; elapsed = 00:02:16 . Memory (MB): peak = 500.602 ; gain = 128.000 ; free physical = 5262 ; free virtual = 14523
INFO-FLOW: Finish building internal data model.
Command       opt_and_import_c done; 2.24 sec.
Command     elaborate done; 134.62 sec.
Execute     autosyn -from_csynth_design=1 
INFO: [HLS 200-10] Starting hardware synthesis ...
INFO-FLOW: Synthesizing SystemC design ...
Execute       sc_get_modules -debug StateMachine 
INFO: [SCA 200-201] Elaborating SystemC module 'StateMachine'.
INFO: [SCA 200-201] Performing SystemC synthesis linting.
INFO: [SCA 200-201] Analyzing ports and processes.
INFO: [SCA 200-201] Found the clock port of process 'StateMachine::getNextState': 'clock'.
INFO: [SCA 200-201] Process 'StateMachine::getNextState' has no reset block.
WARNING: [SCA 200-202] Cannot find reset port in module 'StateMachine', an RTL reset port will be automatically inserted.
WARNING: [SCA 200-202] Port 'current_state' has no reset.
Execute       export_ssdm /home/luis/TEC/DEAN/Proyectos-DAN/Proyecto4/StateMachine/solution1/.autopilot/db/a.o.sce.ll 
INFO-FLOW: SystemC Modules: { StateMachine }
Execute       ap_set_top_model StateMachine 
Execute       cdfg_preprocess -model StateMachine 
Execute       ap_set_top_model StateMachine 
Execute       sc_get_processes StateMachine 
INFO: [HLS 200-10] Synthesizing SystemC module 'StateMachine'
INFO-FLOW: SystemC module [StateMachine] has process(es): { getNextState }
INFO: [HLS 200-10] Found SystemC process: 'StateMachine_getNextState' 
INFO: [HLS 200-10] Synthesizing 'StateMachine_getNextState' ...
Execute       get_model_list StateMachine_getNextState -filter all-wo-channel -topdown 
Execute       preproc_iomode -model StateMachine::getNextState 
Execute       get_model_list StateMachine_getNextState -filter all-wo-channel 
INFO-FLOW: Model list for configure: StateMachine::getNextState
INFO-FLOW: Configuring Module : StateMachine::getNextState ...
Execute       set_default_model StateMachine::getNextState 
Execute       apply_spec_resource_limit StateMachine::getNextState 
INFO-FLOW: Model list for preprocess: StateMachine::getNextState
INFO-FLOW: Preprocessing Module: StateMachine::getNextState ...
Execute       set_default_model StateMachine::getNextState 
Execute       cdfg_preprocess -model StateMachine::getNextState 
Execute       rtl_gen_preprocess StateMachine::getNextState 
INFO-FLOW: Model list for synthesis: StateMachine::getNextState
INFO: [HLS 200-10] ----------------------------------------------------------------
INFO: [HLS 200-42] -- Implementing module 'StateMachine_getNextState' 
INFO: [HLS 200-10] ----------------------------------------------------------------
Execute       set_default_model StateMachine::getNextState 
Execute       schedule -model StateMachine::getNextState 
INFO: [SCHED 204-11] Starting scheduling ...
WARNING: [SCHED 204-35] Protocol 'SC_METHOD' contains conflicting I/O accesses:
   wire read on port 'key' (../Proyecto1/StateMachine/StateMachine.cpp:55) and wire read on port 'key' (../Proyecto1/StateMachine/StateMachine.cpp:59) occur in the same clock cycle.
INFO: [SCHED 204-11] Finished scheduling.
Command       schedule done; 0.36 sec.
INFO: [HLS 200-111]  Elapsed time: 136.63 seconds; current allocated memory: 83.971 MB.
Execute       report -o /home/luis/TEC/DEAN/Proyectos-DAN/Proyecto4/StateMachine/solution1/.autopilot/db/StateMachine_getNextState.verbose.sched.rpt -verbose -f 
Execute       db_write -o /home/luis/TEC/DEAN/Proyectos-DAN/Proyecto4/StateMachine/solution1/.autopilot/db/StateMachine_getNextState.sched.adb -f 
INFO-FLOW: Finish scheduling StateMachine::getNextState.
Execute       set_default_model StateMachine::getNextState 
Execute       bind -model StateMachine::getNextState 
BIND OPTION: fu_weight=[ 0.0 -- 1.0 ]
BIND OPTION: model=StateMachine::getNextState
BIND OPTION: reg_weight=[ 0.0 -- 1.0 ]
INFO: [BIND 205-100] Starting micro-architecture generation ...
INFO: [BIND 205-101] Performing variable lifetime analysis.
INFO: [BIND 205-101] Exploring resource sharing.
INFO: [BIND 205-101] Binding ...
INFO: [BIND 205-100] Finished micro-architecture generation.
Command       bind done; 0.13 sec.
INFO: [HLS 200-111]  Elapsed time: 0.2 seconds; current allocated memory: 84.129 MB.
Execute       report -o /home/luis/TEC/DEAN/Proyectos-DAN/Proyecto4/StateMachine/solution1/.autopilot/db/StateMachine_getNextState.verbose.bind.rpt -verbose -f 
Execute       db_write -o /home/luis/TEC/DEAN/Proyectos-DAN/Proyecto4/StateMachine/solution1/.autopilot/db/StateMachine_getNextState.bind.adb -f 
INFO-FLOW: Finish binding StateMachine::getNextState.
Execute       get_model_list StateMachine_getNextState -filter all-wo-channel 
INFO-FLOW: Preprocessing for RTLGen ...
Execute       rtl_gen_preprocess StateMachine::getNextState 
INFO-FLOW: Model list for RTL generation: StateMachine::getNextState
INFO: [HLS 200-10] ----------------------------------------------------------------
INFO: [HLS 200-10] -- Generating RTL for module 'StateMachine_getNextState' 
INFO: [HLS 200-10] ----------------------------------------------------------------
Execute       get_config_rtl -prefix 
Execute       get_config_rtl -auto_prefix 
Execute       create_rtl_model StateMachine::getNextState -vendor xilinx -mg_file /home/luis/TEC/DEAN/Proyectos-DAN/Proyecto4/StateMachine/solution1/.autopilot/db/StateMachine_getNextState.compgen.tcl 
WARNING: [RTGEN 206-101] Scheduling is infeasible for cycle fixed SC_METHOD {StateMachine::getNextState}.
WARNING: [RTGEN 206-101] Please check and refine your SC_METHOD code.
INFO: [RTGEN 206-100] Finished creating RTL model for 'StateMachine_getNextState'.
Command       create_rtl_model done; 0.26 sec.
INFO: [HLS 200-111]  Elapsed time: 0.38 seconds; current allocated memory: 84.444 MB.
Execute       source /home/luis/TEC/DEAN/Proyectos-DAN/Proyecto4/StateMachine/solution1/.autopilot/db/StateMachine.rtl_wrap.cfg.tcl 
Execute       gen_rtl StateMachine::getNextState -style xilinx -tracefl mytrace -tracefmt vcd -traceopt all -f -lang sc -o /home/luis/TEC/DEAN/Proyectos-DAN/Proyecto4/StateMachine/solution1/syn/systemc/StateMachine_getNextState -synmodules StateMachine::getNextState 
Execute       gen_rtl StateMachine::getNextState -style xilinx -f -lang vhdl -o /home/luis/TEC/DEAN/Proyectos-DAN/Proyecto4/StateMachine/solution1/syn/vhdl/StateMachine_getNextState 
Execute       gen_rtl StateMachine::getNextState -style xilinx -f -lang vlog -o /home/luis/TEC/DEAN/Proyectos-DAN/Proyecto4/StateMachine/solution1/syn/verilog/StateMachine_getNextState 
Execute       gen_tb_info StateMachine::getNextState -o /home/luis/TEC/DEAN/Proyectos-DAN/Proyecto4/StateMachine/solution1/.autopilot/db/StateMachine_getNextState -p /home/luis/TEC/DEAN/Proyectos-DAN/Proyecto4/StateMachine/solution1/.autopilot/db 
Execute       report -model StateMachine::getNextState -o /home/luis/TEC/DEAN/Proyectos-DAN/Proyecto4/StateMachine/solution1/syn/report/StateMachine_getNextState_csynth.rpt -f 
Execute       report -model StateMachine::getNextState -o /home/luis/TEC/DEAN/Proyectos-DAN/Proyecto4/StateMachine/solution1/syn/report/StateMachine_getNextState_csynth.xml -f -x 
Execute       report -model StateMachine::getNextState -o /home/luis/TEC/DEAN/Proyectos-DAN/Proyecto4/StateMachine/solution1/.autopilot/db/StateMachine_getNextState.verbose.rpt -verbose -f 
Command       report done; 0.11 sec.
Execute       db_write -model StateMachine::getNextState -o /home/luis/TEC/DEAN/Proyectos-DAN/Proyecto4/StateMachine/solution1/.autopilot/db/StateMachine_getNextState.adb -f 
Command       db_write done; 0.11 sec.
INFO-FLOW: Model list for RTL component generation: StateMachine::getNextState
INFO-FLOW: Handling components in module [StateMachine_getNextState] ... 
Execute       source /home/luis/TEC/DEAN/Proyectos-DAN/Proyecto4/StateMachine/solution1/.autopilot/db/StateMachine_getNextState.compgen.tcl 
INFO-FLOW: Append model StateMachine_getNextState
INFO-FLOW: Generating RTL model list ...
INFO-FLOW: All models in this session: StateMachine_getNextState
INFO-FLOW: To file: write model StateMachine_getNextState
INFO-FLOW: Finished generating RTL model list.


INFO-FLOW: RTL Generation done.
INFO-FLOW: CAS Generation done.
INFO-FLOW: CBC Generation done.
INFO-FLOW: SystemC module [StateMachine] is top-level?: true 
INFO: [HLS 200-10] Synthesizing 'StateMachine' ...
Execute       preproc_iomode -model StateMachine 
INFO-FLOW: Model list for configure: StateMachine
INFO-FLOW: Configuring Module : StateMachine ...
Execute       set_default_model StateMachine 
Execute       apply_spec_resource_limit StateMachine 
INFO-FLOW: Model list for preprocess: StateMachine
INFO-FLOW: Preprocessing Module: StateMachine ...
Execute       set_default_model StateMachine 
Execute       cdfg_preprocess -model StateMachine 
Execute       rtl_gen_preprocess StateMachine 
INFO-FLOW: Model list for synthesis: StateMachine
INFO: [HLS 200-10] ----------------------------------------------------------------
INFO: [HLS 200-42] -- Implementing module 'StateMachine' 
INFO: [HLS 200-10] ----------------------------------------------------------------
Execute       set_default_model StateMachine 
Execute       schedule -model StateMachine 
INFO: [SCHED 204-11] Starting scheduling ...
INFO: [SCHED 204-11] Finished scheduling.
INFO: [HLS 200-111]  Elapsed time: 0.53 seconds; current allocated memory: 85.213 MB.
Execute       report -o /home/luis/TEC/DEAN/Proyectos-DAN/Proyecto4/StateMachine/solution1/.autopilot/db/StateMachine.verbose.sched.rpt -verbose -f 
Execute       db_write -o /home/luis/TEC/DEAN/Proyectos-DAN/Proyecto4/StateMachine/solution1/.autopilot/db/StateMachine.sched.adb -f 
INFO-FLOW: Finish scheduling StateMachine.
Execute       set_default_model StateMachine 
Execute       bind -model StateMachine 
BIND OPTION: fu_weight=[ 0.0 -- 1.0 ]
BIND OPTION: model=StateMachine
BIND OPTION: reg_weight=[ 0.0 -- 1.0 ]
INFO: [BIND 205-100] Starting micro-architecture generation ...
INFO: [BIND 205-101] Performing variable lifetime analysis.
INFO: [BIND 205-101] Exploring resource sharing.
INFO: [BIND 205-101] Binding ...
INFO: [BIND 205-100] Finished micro-architecture generation.
INFO: [HLS 200-111]  Elapsed time: 0.12 seconds; current allocated memory: 85.274 MB.
Execute       report -o /home/luis/TEC/DEAN/Proyectos-DAN/Proyecto4/StateMachine/solution1/.autopilot/db/StateMachine.verbose.bind.rpt -verbose -f 
Execute       db_write -o /home/luis/TEC/DEAN/Proyectos-DAN/Proyecto4/StateMachine/solution1/.autopilot/db/StateMachine.bind.adb -f 
INFO-FLOW: Finish binding StateMachine.
INFO-FLOW: Preprocessing for RTLGen ...
Execute       rtl_gen_preprocess StateMachine 
INFO-FLOW: Model list for RTL generation: StateMachine
INFO: [HLS 200-10] ----------------------------------------------------------------
INFO: [HLS 200-10] -- Generating RTL for module 'StateMachine' 
INFO: [HLS 200-10] ----------------------------------------------------------------
Execute       get_config_rtl -prefix 
Execute       get_config_rtl -auto_prefix 
Execute       create_rtl_model StateMachine -vendor xilinx -mg_file /home/luis/TEC/DEAN/Proyectos-DAN/Proyecto4/StateMachine/solution1/.autopilot/db/StateMachine.compgen.tcl 
INFO: [RTGEN 206-500] Setting interface mode on port 'StateMachine/clock' to 'ap_none'.
INFO: [RTGEN 206-500] Setting interface mode on port 'StateMachine/key' to 'ap_none'.
INFO: [RTGEN 206-500] Setting interface mode on port 'StateMachine/current_state' to 'ap_ovld'.
INFO: [RTGEN 206-100] Finished creating RTL model for 'StateMachine'.
INFO: [HLS 200-111]  Elapsed time: 0.2 seconds; current allocated memory: 85.426 MB.
Execute       source /home/luis/TEC/DEAN/Proyectos-DAN/Proyecto4/StateMachine/solution1/.autopilot/db/StateMachine.rtl_wrap.cfg.tcl 
Execute       gen_rtl StateMachine -istop -style xilinx -tracefl mytrace -tracefmt vcd -traceopt all -f -lang sc -o /home/luis/TEC/DEAN/Proyectos-DAN/Proyecto4/StateMachine/solution1/syn/systemc/StateMachine -synmodules StateMachine 
Execute       gen_rtl StateMachine -istop -style xilinx -f -lang vhdl -o /home/luis/TEC/DEAN/Proyectos-DAN/Proyecto4/StateMachine/solution1/syn/vhdl/StateMachine 
Execute       gen_rtl StateMachine -istop -style xilinx -f -lang vlog -o /home/luis/TEC/DEAN/Proyectos-DAN/Proyecto4/StateMachine/solution1/syn/verilog/StateMachine 
Execute       export_constraint_db -o /home/luis/TEC/DEAN/Proyectos-DAN/Proyecto4/StateMachine/solution1/.autopilot/db/StateMachine.constraint.tcl -f -tool general 
Execute       report -model StateMachine -o /home/luis/TEC/DEAN/Proyectos-DAN/Proyecto4/StateMachine/solution1/.autopilot/db/StateMachine.design.xml -verbose -f -dv 
Execute       report -model StateMachine -o /home/luis/TEC/DEAN/Proyectos-DAN/Proyecto4/StateMachine/solution1/.autopilot/db/StateMachine.sdaccel.xml -verbose -f -sdaccel 
Execute       gen_tb_info StateMachine -o /home/luis/TEC/DEAN/Proyectos-DAN/Proyecto4/StateMachine/solution1/.autopilot/db/StateMachine -p /home/luis/TEC/DEAN/Proyectos-DAN/Proyecto4/StateMachine/solution1/.autopilot/db 
Execute       report -model StateMachine -o /home/luis/TEC/DEAN/Proyectos-DAN/Proyecto4/StateMachine/solution1/syn/report/StateMachine_csynth.rpt -f 
Execute       report -model StateMachine -o /home/luis/TEC/DEAN/Proyectos-DAN/Proyecto4/StateMachine/solution1/syn/report/StateMachine_csynth.xml -f -x 
Execute       report -model StateMachine -o /home/luis/TEC/DEAN/Proyectos-DAN/Proyecto4/StateMachine/solution1/.autopilot/db/StateMachine.verbose.rpt -verbose -f 
Execute       db_write -model StateMachine -o /home/luis/TEC/DEAN/Proyectos-DAN/Proyecto4/StateMachine/solution1/.autopilot/db/StateMachine.adb -f 
Execute       sc_get_clocks StateMachine 
Execute       sc_get_portdomain StateMachine 
INFO-FLOW: Model list for RTL component generation: StateMachine
INFO-FLOW: Handling components in module [StateMachine] ... 
Execute       source /home/luis/TEC/DEAN/Proyectos-DAN/Proyecto4/StateMachine/solution1/.autopilot/db/StateMachine.compgen.tcl 
INFO-FLOW: Append model StateMachine
INFO-FLOW: Generating RTL model list ...
INFO-FLOW: All models in this session: StateMachine_getNextState StateMachine
INFO-FLOW: To file: write model StateMachine_getNextState
INFO-FLOW: To file: write model StateMachine
INFO-FLOW: Finished generating RTL model list.


INFO-FLOW: RTL Generation done.
INFO-FLOW: CAS Generation done.
INFO-FLOW: CBC Generation done.
Execute       get_config_sdx -target 
Execute       source /home/luis/TEC/DEAN/Proyectos-DAN/Proyecto4/StateMachine/solution1/.autopilot/db/global.setting.tcl 
Execute       source /opt/Xilinx/Vivado/2018.2/common/technology/generic/autopilot/common.gen 
Execute         source /opt/Xilinx/Vivado/2018.2/common/technology/generic/autopilot/APCoreGen.gen 
Execute       source /opt/Xilinx/Vivado/2018.2/common/technology/generic/autopilot/op.gen 
Execute       source /opt/Xilinx/Vivado/2018.2/common/technology/generic/autopilot/op_simcore.gen 
Execute       source /opt/Xilinx/Vivado/2018.2/common/technology/generic/autopilot/interface.gen 
Execute       source /home/luis/TEC/DEAN/Proyectos-DAN/Proyecto4/StateMachine/solution1/.autopilot/db/global.setting.tcl 
Execute       source /opt/Xilinx/Vivado/2018.2/common/technology/xilinx/zynq/zynq.gen 
Execute         source /opt/Xilinx/Vivado/2018.2/common/technology/xilinx/common/virtex.gen 
Execute           source /opt/Xilinx/Vivado/2018.2/common/technology/xilinx/common/xilinx.gen 
Execute             source /opt/Xilinx/Vivado/2018.2/common/technology/xilinx/interface/plb46.gen 
Execute             source /opt/Xilinx/Vivado/2018.2/common/technology/xilinx/interface/fsl.gen 
Execute             source /opt/Xilinx/Vivado/2018.2/common/technology/xilinx/interface/axi4.gen 
Execute             source /opt/Xilinx/Vivado/2018.2/common/technology/xilinx/interface/nativeAXI4.gen 
Execute               source /opt/Xilinx/Vivado/2018.2/common/technology/xilinx/interface/saxilite.gen 
Execute               source /opt/Xilinx/Vivado/2018.2/common/technology/xilinx/interface/maxi.gen 
Execute             source /opt/Xilinx/Vivado/2018.2/common/technology/xilinx/scripts/xilinxcoregen.gen 
Execute             source /opt/Xilinx/Vivado/2018.2/common/technology/xilinx/interface/XilEDKCoreGen.gen 
Execute             source /opt/Xilinx/Vivado/2018.2/common/technology/xilinx/ip/dds_compiler.gen 
Execute             source /opt/Xilinx/Vivado/2018.2/common/technology/xilinx/ip/util.gen 
Execute             source /opt/Xilinx/Vivado/2018.2/common/technology/xilinx/ip/xfft.gen 
Command             ap_source done; 0.14 sec.
Execute             source /opt/Xilinx/Vivado/2018.2/common/technology/xilinx/ip/xfir.gen 
Command           ap_source done; 0.2 sec.
Execute           source /opt/Xilinx/Vivado/2018.2/common/technology/xilinx/common/dsp48.gen 
Command         ap_source done; 0.2 sec.
Command       ap_source done; 0.2 sec.
Execute       source /opt/Xilinx/Vivado/2018.2/common/technology/xilinx/zynq/zynq_fpv6.gen 
Execute         source /opt/Xilinx/Vivado/2018.2/common/technology/xilinx/common/xilinx_fpv6.gen 
Execute       source /home/luis/TEC/DEAN/Proyectos-DAN/Proyecto4/StateMachine/solution1/.autopilot/db/global.setting.tcl 
Execute       source /home/luis/TEC/DEAN/Proyectos-DAN/Proyecto4/StateMachine/solution1/.autopilot/db/global.setting.tcl 
Execute       source /home/luis/TEC/DEAN/Proyectos-DAN/Proyecto4/StateMachine/solution1/.autopilot/db/global.setting.tcl 
Execute       source /home/luis/TEC/DEAN/Proyectos-DAN/Proyecto4/StateMachine/solution1/.autopilot/db/StateMachine_getNextState.compgen.tcl 
Execute       source /home/luis/TEC/DEAN/Proyectos-DAN/Proyecto4/StateMachine/solution1/.autopilot/db/StateMachine.compgen.tcl 
Execute       get_config_sdx -target 
Execute       source /home/luis/TEC/DEAN/Proyectos-DAN/Proyecto4/StateMachine/solution1/.autopilot/db/global.setting.tcl 
Execute       source /opt/Xilinx/Vivado/2018.2/common/technology/generic/autopilot/common.gen 
Execute         source /opt/Xilinx/Vivado/2018.2/common/technology/generic/autopilot/APCoreGen.gen 
Execute       source /opt/Xilinx/Vivado/2018.2/common/technology/generic/autopilot/op.gen 
Execute       source /opt/Xilinx/Vivado/2018.2/common/technology/generic/autopilot/op_simcore.gen 
Execute       source /opt/Xilinx/Vivado/2018.2/common/technology/generic/autopilot/interface.gen 
Execute       source /home/luis/TEC/DEAN/Proyectos-DAN/Proyecto4/StateMachine/solution1/.autopilot/db/global.setting.tcl 
Execute       source /opt/Xilinx/Vivado/2018.2/common/technology/xilinx/zynq/zynq.gen 
Execute         source /opt/Xilinx/Vivado/2018.2/common/technology/xilinx/common/virtex.gen 
Execute           source /opt/Xilinx/Vivado/2018.2/common/technology/xilinx/common/xilinx.gen 
Execute             source /opt/Xilinx/Vivado/2018.2/common/technology/xilinx/interface/plb46.gen 
Execute             source /opt/Xilinx/Vivado/2018.2/common/technology/xilinx/interface/fsl.gen 
Execute             source /opt/Xilinx/Vivado/2018.2/common/technology/xilinx/interface/axi4.gen 
Execute             source /opt/Xilinx/Vivado/2018.2/common/technology/xilinx/interface/nativeAXI4.gen 
Execute               source /opt/Xilinx/Vivado/2018.2/common/technology/xilinx/interface/saxilite.gen 
Execute               source /opt/Xilinx/Vivado/2018.2/common/technology/xilinx/interface/maxi.gen 
Execute             source /opt/Xilinx/Vivado/2018.2/common/technology/xilinx/scripts/xilinxcoregen.gen 
Execute             source /opt/Xilinx/Vivado/2018.2/common/technology/xilinx/interface/XilEDKCoreGen.gen 
Execute             source /opt/Xilinx/Vivado/2018.2/common/technology/xilinx/ip/dds_compiler.gen 
Execute             source /opt/Xilinx/Vivado/2018.2/common/technology/xilinx/ip/util.gen 
Execute             source /opt/Xilinx/Vivado/2018.2/common/technology/xilinx/ip/xfft.gen 
Command             ap_source done; 0.13 sec.
Execute             source /opt/Xilinx/Vivado/2018.2/common/technology/xilinx/ip/xfir.gen 
Command           ap_source done; 0.19 sec.
Execute           source /opt/Xilinx/Vivado/2018.2/common/technology/xilinx/common/dsp48.gen 
Command         ap_source done; 0.19 sec.
Command       ap_source done; 0.19 sec.
Execute       source /opt/Xilinx/Vivado/2018.2/common/technology/xilinx/zynq/zynq_fpv6.gen 
Execute         source /opt/Xilinx/Vivado/2018.2/common/technology/xilinx/common/xilinx_fpv6.gen 
Execute       source /home/luis/TEC/DEAN/Proyectos-DAN/Proyecto4/StateMachine/solution1/.autopilot/db/StateMachine.rtl_wrap.cfg.tcl 
Execute       source /home/luis/TEC/DEAN/Proyectos-DAN/Proyecto4/StateMachine/solution1/.autopilot/db/StateMachine.rtl_wrap.cfg.tcl 
Execute       source /home/luis/TEC/DEAN/Proyectos-DAN/Proyecto4/StateMachine/solution1/.autopilot/db/StateMachine.rtl_wrap.cfg.tcl 
Execute       source /home/luis/TEC/DEAN/Proyectos-DAN/Proyecto4/StateMachine/solution1/.autopilot/db/StateMachine.tbgen.tcl 
Execute       source /home/luis/TEC/DEAN/Proyectos-DAN/Proyecto4/StateMachine/solution1/.autopilot/db/StateMachine.tbgen.tcl 
Execute       source /home/luis/TEC/DEAN/Proyectos-DAN/Proyecto4/StateMachine/solution1/.autopilot/db/global.setting.tcl 
Execute       source /home/luis/TEC/DEAN/Proyectos-DAN/Proyecto4/StateMachine/solution1/.autopilot/db/StateMachine_getNextState.compgen.tcl 
Execute       source /home/luis/TEC/DEAN/Proyectos-DAN/Proyecto4/StateMachine/solution1/.autopilot/db/StateMachine.compgen.tcl 
Execute       source /home/luis/TEC/DEAN/Proyectos-DAN/Proyecto4/StateMachine/solution1/.autopilot/db/global.setting.tcl 
Execute       source /home/luis/TEC/DEAN/Proyectos-DAN/Proyecto4/StateMachine/solution1/.autopilot/db/StateMachine_getNextState.compgen.tcl 
Execute       source /home/luis/TEC/DEAN/Proyectos-DAN/Proyecto4/StateMachine/solution1/.autopilot/db/StateMachine.compgen.tcl 
Execute       source /home/luis/TEC/DEAN/Proyectos-DAN/Proyecto4/StateMachine/solution1/.autopilot/db/global.setting.tcl 
Execute       source /home/luis/TEC/DEAN/Proyectos-DAN/Proyecto4/StateMachine/solution1/.autopilot/db/StateMachine_getNextState.compgen.tcl 
Execute       source /home/luis/TEC/DEAN/Proyectos-DAN/Proyecto4/StateMachine/solution1/.autopilot/db/StateMachine.compgen.tcl 
Execute       source /home/luis/TEC/DEAN/Proyectos-DAN/Proyecto4/StateMachine/solution1/.autopilot/db/global.setting.tcl 
Execute       source /home/luis/TEC/DEAN/Proyectos-DAN/Proyecto4/StateMachine/solution1/.autopilot/db/StateMachine.constraint.tcl 
Execute       source /home/luis/TEC/DEAN/Proyectos-DAN/Proyecto4/StateMachine/solution1/.autopilot/db/StateMachine.tbgen.tcl 
Execute       source /home/luis/TEC/DEAN/Proyectos-DAN/Proyecto4/StateMachine/solution1/.autopilot/db/global.setting.tcl 
Execute       source /home/luis/TEC/DEAN/Proyectos-DAN/Proyecto4/StateMachine/solution1/.autopilot/db/StateMachine.rtl_wrap.cfg.tcl 
Execute       source /home/luis/TEC/DEAN/Proyectos-DAN/Proyecto4/StateMachine/solution1/.autopilot/db/StateMachine.rtl_wrap.cfg.tcl 
Execute       source /home/luis/TEC/DEAN/Proyectos-DAN/Proyecto4/StateMachine/solution1/.autopilot/db/StateMachine.rtl_wrap.cfg.tcl 
Execute       source /home/luis/TEC/DEAN/Proyectos-DAN/Proyecto4/StateMachine/solution1/.autopilot/db/StateMachine.tbgen.tcl 
Execute       source /home/luis/TEC/DEAN/Proyectos-DAN/Proyecto4/StateMachine/solution1/.autopilot/db/StateMachine.tbgen.tcl 
Execute       source /home/luis/TEC/DEAN/Proyectos-DAN/Proyecto4/StateMachine/solution1/.autopilot/db/global.setting.tcl 
Execute       source /home/luis/TEC/DEAN/Proyectos-DAN/Proyecto4/StateMachine/solution1/.autopilot/db/global.setting.tcl 
Execute       source /home/luis/TEC/DEAN/Proyectos-DAN/Proyecto4/StateMachine/solution1/.autopilot/db/StateMachine.rtl_wrap.cfg.tcl 
Execute       source /home/luis/TEC/DEAN/Proyectos-DAN/Proyecto4/StateMachine/solution1/.autopilot/db/StateMachine.rtl_wrap.cfg.tcl 
Execute       source /home/luis/TEC/DEAN/Proyectos-DAN/Proyecto4/StateMachine/solution1/.autopilot/db/StateMachine.rtl_wrap.cfg.tcl 
Execute       source /home/luis/TEC/DEAN/Proyectos-DAN/Proyecto4/StateMachine/solution1/.autopilot/db/StateMachine.tbgen.tcl 
Execute       source /home/luis/TEC/DEAN/Proyectos-DAN/Proyecto4/StateMachine/solution1/.autopilot/db/StateMachine.tbgen.tcl 
Execute       source /home/luis/TEC/DEAN/Proyectos-DAN/Proyecto4/StateMachine/solution1/.autopilot/db/StateMachine.rtl_wrap.cfg.tcl 
Execute       source /home/luis/TEC/DEAN/Proyectos-DAN/Proyecto4/StateMachine/solution1/.autopilot/db/StateMachine.rtl_wrap.cfg.tcl 
Execute       source /home/luis/TEC/DEAN/Proyectos-DAN/Proyecto4/StateMachine/solution1/.autopilot/db/StateMachine.rtl_wrap.cfg.tcl 
Execute       source /home/luis/TEC/DEAN/Proyectos-DAN/Proyecto4/StateMachine/solution1/.autopilot/db/StateMachine.tbgen.tcl 
Execute       source /home/luis/TEC/DEAN/Proyectos-DAN/Proyecto4/StateMachine/solution1/.autopilot/db/StateMachine.tbgen.tcl 
Execute       source /home/luis/TEC/DEAN/Proyectos-DAN/Proyecto4/StateMachine/solution1/.autopilot/db/StateMachine.rtl_wrap.cfg.tcl 
Execute       source /home/luis/TEC/DEAN/Proyectos-DAN/Proyecto4/StateMachine/solution1/.autopilot/db/StateMachine.rtl_wrap.cfg.tcl 
Execute       source /home/luis/TEC/DEAN/Proyectos-DAN/Proyecto4/StateMachine/solution1/.autopilot/db/StateMachine.rtl_wrap.cfg.tcl 
Execute       source /home/luis/TEC/DEAN/Proyectos-DAN/Proyecto4/StateMachine/solution1/.autopilot/db/StateMachine.tbgen.tcl 
Execute       source /home/luis/TEC/DEAN/Proyectos-DAN/Proyecto4/StateMachine/solution1/.autopilot/db/StateMachine.tbgen.tcl 
Execute       source /home/luis/TEC/DEAN/Proyectos-DAN/Proyecto4/StateMachine/solution1/.autopilot/db/StateMachine.tbgen.tcl 
Execute       source /home/luis/TEC/DEAN/Proyectos-DAN/Proyecto4/StateMachine/solution1/.autopilot/db/global.setting.tcl 
Execute       source /home/luis/TEC/DEAN/Proyectos-DAN/Proyecto4/StateMachine/solution1/.autopilot/db/StateMachine.constraint.tcl 
Execute       sc_get_clocks StateMachine 
Execute       source /home/luis/TEC/DEAN/Proyectos-DAN/Proyecto4/StateMachine/solution1/.autopilot/db/global.setting.tcl 
Execute       get_config_sdx -target 
Execute       get_config_sdx -profile 
Execute       ::config_rtl 
INFO: [HLS 200-111] Finished generating all RTL models Time (s): cpu = 00:01:37 ; elapsed = 00:02:19 . Memory (MB): peak = 500.602 ; gain = 128.000 ; free physical = 5254 ; free virtual = 14521
INFO: [SYSC 207-301] Generating SystemC RTL for StateMachine.
INFO: [VHDL 208-304] Generating VHDL RTL for StateMachine.
INFO: [VLOG 209-307] Generating Verilog RTL for StateMachine.
Command     autosyn done; 3.12 sec.
Command   csynth_design done; 137.74 sec.
Command ap_source done; 138.54 sec.
Execute cleanup_all 
