

================================================================
== Vivado HLS Report for 'bidirectional_counter'
================================================================
* Date:           Sun Aug 12 16:22:25 2018

* Version:        2018.2 (Build 2258646 on Thu Jun 14 20:25:20 MDT 2018)
* Project:        Counter
* Solution:       solution1
* Product family: zynq
* Target device:  xc7z020clg484-1


================================================================
== Performance Estimates
================================================================
+ Timing (ns): 
    * Summary: 
    +--------+-------+----------+------------+
    |  Clock | Target| Estimated| Uncertainty|
    +--------+-------+----------+------------+
    |ap_clk  |  10.00|     1.547|        1.25|
    +--------+-------+----------+------------+

+ Latency (clock cycles): 
    * Summary: 
    +-----+-----+-----+-----+---------+
    |  Latency  |  Interval | Pipeline|
    | min | max | min | max |   Type  |
    +-----+-----+-----+-----+---------+
    |    1|    1|    1|    1|   none  |
    +-----+-----+-----+-----+---------+

    + Detail: 
        * Instance: 
        N/A

        * Loop: 
        N/A

============================================================
+ Verbose Summary: Synthesis Manager
============================================================
InlineROM: 1
ExposeGlobal: 0
============================================================
+ Verbose Summary: CDFG Model
============================================================
IsTopModel: 1
ResetActiveHigh: 1
IsCombinational: 0
IsDatapathOnly: 0
HasWiredReturn: 1
HasMFsm: 0
HasVarLatency: 1
IsPipeline: 0
IsRtlPipelined: 0
IsInstanceOverlapped: 0
IsDontTouch: 0
HasImplIP: 0
IsGatedGlobalClock: 0


============================================================
+ Verbose Summary: Schedule
============================================================
* Number of FSM states : 2
* Pipeline : 0
* Dataflow Pipeline: 0

* FSM state transitions: 
1 --> 
	2  / true
2 --> 

* FSM state operations: 

State 1 <SV = 0> <Delay = 0.00>
ST_1 : Operation 3 [1/1] (0.00ns)   --->   "call void (...)* @_ssdm_op_SpecBitsMap(i1* %clock), !map !99"   --->   Operation 3 'specbitsmap' <Predicate = true> <Delay = 0.00>
ST_1 : Operation 4 [1/1] (0.00ns)   --->   "call void (...)* @_ssdm_op_SpecBitsMap(i1* %reset), !map !103"   --->   Operation 4 'specbitsmap' <Predicate = true> <Delay = 0.00>
ST_1 : Operation 5 [1/1] (0.00ns)   --->   "call void (...)* @_ssdm_op_SpecBitsMap(i1* %enable), !map !107"   --->   Operation 5 'specbitsmap' <Predicate = true> <Delay = 0.00>
ST_1 : Operation 6 [1/1] (0.00ns)   --->   "call void (...)* @_ssdm_op_SpecBitsMap(i1* %mode), !map !111"   --->   Operation 6 'specbitsmap' <Predicate = true> <Delay = 0.00>
ST_1 : Operation 7 [1/1] (0.00ns)   --->   "call void (...)* @_ssdm_op_SpecBitsMap(i12* %counter_out), !map !115"   --->   Operation 7 'specbitsmap' <Predicate = true> <Delay = 0.00>
ST_1 : Operation 8 [1/1] (0.00ns)   --->   "call void (...)* @_ssdm_op_SpecBitsMap(i12* %bidirectional_counter_count_V), !map !119"   --->   Operation 8 'specbitsmap' <Predicate = true> <Delay = 0.00>
ST_1 : Operation 9 [1/1] (0.00ns)   --->   "call void (...)* @_ssdm_op_SpecTopModule([22 x i8]* @p_str4, [22 x i8]* @p_str4) nounwind" [../Proyecto1/Counter/Counter.h:23]   --->   Operation 9 'spectopmodule' <Predicate = true> <Delay = 0.00>
ST_1 : Operation 10 [1/1] (0.00ns)   --->   "%bidirectional_counte = load i1* @bidirectional_counter_ssdm_thread_M_mode_choice, align 1" [../Proyecto1/Counter/Counter.h:24]   --->   Operation 10 'load' 'bidirectional_counte' <Predicate = true> <Delay = 0.00>
ST_1 : Operation 11 [1/1] (0.00ns)   --->   "br i1 %bidirectional_counte, label %1, label %._crit_edge" [../Proyecto1/Counter/Counter.h:24]   --->   Operation 11 'br' <Predicate = true> <Delay = 0.00>

State 2 <SV = 1> <Delay = 1.54>
ST_2 : Operation 12 [1/1] (1.54ns)   --->   "call void @"bidirectional_counter::mode_choice"(i1* %clock, i1* %reset, i1* %enable, i1* %mode, i12* %counter_out, i12* %bidirectional_counter_count_V)" [../Proyecto1/Counter/Counter.h:24]   --->   Operation 12 'call' <Predicate = (bidirectional_counte)> <Delay = 1.54> <CoreType = "Generic">   --->   Core 0 '' <Latency = 0> <II = 1> <Delay = 1.00> <Generic> <Opcode : >
ST_2 : Operation 13 [1/1] (0.00ns)   --->   "br label %._crit_edge" [../Proyecto1/Counter/Counter.h:24]   --->   Operation 13 'br' <Predicate = (bidirectional_counte)> <Delay = 0.00>
ST_2 : Operation 14 [1/1] (0.00ns)   --->   "call void (...)* @_ssdm_op_SpecProcessDecl([22 x i8]* @p_str4, i32 0, [12 x i8]* @p_str13) nounwind" [../Proyecto1/Counter/Counter.h:24]   --->   Operation 14 'specprocessdecl' <Predicate = true> <Delay = 0.00>
ST_2 : Operation 15 [1/1] (0.00ns)   --->   "call void (...)* @_ssdm_op_SpecSensitive([12 x i8]* @p_str13, [6 x i8]* @p_str6, i1* %clock, i32 1) nounwind" [../Proyecto1/Counter/Counter.h:25]   --->   Operation 15 'specsensitive' <Predicate = true> <Delay = 0.00>
ST_2 : Operation 16 [1/1] (0.00ns)   --->   "call void (...)* @_ssdm_op_SpecPort([22 x i8]* @p_str4, i32 3, [5 x i8]* @p_str5, [6 x i8]* @p_str6, i32 0, i32 0, i1* %clock) nounwind" [../Proyecto1/Counter/Counter.h:26]   --->   Operation 16 'specport' <Predicate = true> <Delay = 0.00>
ST_2 : Operation 17 [1/1] (0.00ns)   --->   "call void (...)* @_ssdm_op_SpecPort([22 x i8]* @p_str4, i32 0, [7 x i8]* @p_str7, [6 x i8]* @p_str8, i32 0, i32 0, i1* %reset) nounwind" [../Proyecto1/Counter/Counter.h:27]   --->   Operation 17 'specport' <Predicate = true> <Delay = 0.00>
ST_2 : Operation 18 [1/1] (0.00ns)   --->   "call void (...)* @_ssdm_op_SpecPort([22 x i8]* @p_str4, i32 0, [7 x i8]* @p_str7, [7 x i8]* @p_str9, i32 0, i32 0, i1* %enable) nounwind" [../Proyecto1/Counter/Counter.h:28]   --->   Operation 18 'specport' <Predicate = true> <Delay = 0.00>
ST_2 : Operation 19 [1/1] (0.00ns)   --->   "call void (...)* @_ssdm_op_SpecPort([22 x i8]* @p_str4, i32 0, [7 x i8]* @p_str7, [5 x i8]* @p_str10, i32 0, i32 0, i1* %mode) nounwind" [../Proyecto1/Counter/Counter.h:29]   --->   Operation 19 'specport' <Predicate = true> <Delay = 0.00>
ST_2 : Operation 20 [1/1] (0.00ns)   --->   "call void (...)* @_ssdm_op_SpecPort([22 x i8]* @p_str4, i32 1, [13 x i8]* @p_str11, [12 x i8]* @p_str12, i32 0, i32 0, i12* %counter_out) nounwind" [../Proyecto1/Counter/Counter.h:30]   --->   Operation 20 'specport' <Predicate = true> <Delay = 0.00>
ST_2 : Operation 21 [1/1] (0.00ns)   --->   "ret void" [../Proyecto1/Counter/Counter.h:34]   --->   Operation 21 'ret' <Predicate = true> <Delay = 0.00>


============================================================
+ Verbose Summary: Timing violations
============================================================
Target clock period: 10ns, clock uncertainty: 1.25ns.

 <State 1>: 0ns
The critical path consists of the following:

 <State 2>: 1.55ns
The critical path consists of the following:
	'call' operation (../Proyecto1/Counter/Counter.h:24) to 'bidirectional_counter::mode_choice' [18]  (1.55 ns)


============================================================
+ Verbose Summary: Binding
============================================================
N/A
* FSMD analyzer results:
  - Output states:
 - Input state : 
  - Chain level:
	State 1
	State 2


============================================================
+ Verbose Summary: Datapath Resource usage 
============================================================
N/A
