

================================================================
== Vivado HLS Report for 'bidirectional_counter'
================================================================
* Date:           Sun Aug 12 16:22:25 2018

* Version:        2018.2 (Build 2258646 on Thu Jun 14 20:25:20 MDT 2018)
* Project:        Counter
* Solution:       solution1
* Product family: zynq
* Target device:  xc7z020clg484-1


================================================================
== Performance Estimates
================================================================
+ Timing (ns): 
    * Summary: 
    +--------+-------+----------+------------+
    |  Clock | Target| Estimated| Uncertainty|
    +--------+-------+----------+------------+
    |ap_clk  |  10.00|     1.547|        1.25|
    +--------+-------+----------+------------+

+ Latency (clock cycles): 
    * Summary: 
    +-----+-----+-----+-----+---------+
    |  Latency  |  Interval | Pipeline|
    | min | max | min | max |   Type  |
    +-----+-----+-----+-----+---------+
    |    1|    1|    1|    1|   none  |
    +-----+-----+-----+-----+---------+

    + Detail: 
        * Instance: 
        +-----------------------------------------------------+-----------------------------------+-----+-----+-----+-----+---------+
        |                                                     |                                   |  Latency  |  Interval | Pipeline|
        |                       Instance                      |               Module              | min | max | min | max |   Type  |
        +-----------------------------------------------------+-----------------------------------+-----+-----+-----+-----+---------+
        |StgValue_12_bidirectional_counter_mode_choice_fu_52  |bidirectional_counter_mode_choice  |    0|    0|    0|    0|   none  |
        +-----------------------------------------------------+-----------------------------------+-----+-----+-----+-----+---------+

        * Loop: 
        N/A



================================================================
== Utilization Estimates
================================================================
* Summary: 
+-----------------+---------+-------+--------+-------+
|       Name      | BRAM_18K| DSP48E|   FF   |  LUT  |
+-----------------+---------+-------+--------+-------+
|DSP              |        -|      -|       -|      -|
|Expression       |        -|      -|       -|      -|
|FIFO             |        -|      -|       -|      -|
|Instance         |        -|      -|       0|     72|
|Memory           |        -|      -|       -|      -|
|Multiplexer      |        -|      -|       -|      9|
|Register         |        -|      -|      24|      -|
+-----------------+---------+-------+--------+-------+
|Total            |        0|      0|      24|     81|
+-----------------+---------+-------+--------+-------+
|Available        |      280|    220|  106400|  53200|
+-----------------+---------+-------+--------+-------+
|Utilization (%)  |        0|      0|   ~0   |   ~0  |
+-----------------+---------+-------+--------+-------+

+ Detail: 
    * Instance: 
    +-----------------------------------------------------+-----------------------------------+---------+-------+---+----+
    |                       Instance                      |               Module              | BRAM_18K| DSP48E| FF| LUT|
    +-----------------------------------------------------+-----------------------------------+---------+-------+---+----+
    |StgValue_12_bidirectional_counter_mode_choice_fu_52  |bidirectional_counter_mode_choice  |        0|      0|  0|  72|
    +-----------------------------------------------------+-----------------------------------+---------+-------+---+----+
    |Total                                                |                                   |        0|      0|  0|  72|
    +-----------------------------------------------------+-----------------------------------+---------+-------+---+----+

    * DSP48: 
    N/A

    * Memory: 
    N/A

    * FIFO: 
    N/A

    * Expression: 
    N/A

    * Multiplexer: 
    +---------------+----+-----------+-----+-----------+
    |      Name     | LUT| Input Size| Bits| Total Bits|
    +---------------+----+-----------+-----+-----------+
    |counter_out_o  |   9|          2|   12|         24|
    +---------------+----+-----------+-----+-----------+
    |Total          |   9|          2|   12|         24|
    +---------------+----+-----------+-----+-----------+

    * Register: 
    +-------------------------------+----+----+-----+-----------+
    |              Name             | FF | LUT| Bits| Const Bits|
    +-------------------------------+----+----+-----+-----------+
    |bidirectional_counter_count_V  |  12|   0|   12|          0|
    |counter_out_o                  |  12|   0|   12|          0|
    +-------------------------------+----+----+-----+-----------+
    |Total                          |  24|   0|   24|          0|
    +-------------------------------+----+----+-----+-----------+



================================================================
== Interface
================================================================
* Summary: 
+---------------+-----+-----+------------+----------------------------------------------+--------------+
|   RTL Ports   | Dir | Bits|  Protocol  |                 Source Object                |    C Type    |
+---------------+-----+-----+------------+----------------------------------------------+--------------+
|clock          |  in |    1| ap_ctrl_hs | bidirectional_counter::bidirectional_counter | return value |
|ap_rst         |  in |    1| ap_ctrl_hs | bidirectional_counter::bidirectional_counter | return value |
|reset          |  in |    1|   ap_none  |                     reset                    |    pointer   |
|enable         |  in |    1|   ap_none  |                    enable                    |    pointer   |
|mode           |  in |    1|   ap_none  |                     mode                     |    pointer   |
|counter_out_i  |  in |   12|   ap_ovld  |                  counter_out                 |    pointer   |
|counter_out_o  | out |   12|   ap_ovld  |                  counter_out                 |    pointer   |
+---------------+-----+-----+------------+----------------------------------------------+--------------+

